
Source file: L6_3.X68
Assembled on: 16-11-01 at: 19:34:07
          by: X68K PC-2.2 Copyright (c) University of Teesside 1989,96
Defaults: ORG $0/FORMAT/OPT A,BRL,CEX,CL,FRL,MC,MD,NOMEX,NOPCO

    1  00008000                        ORG       $8000
    2  00008000 41F900009000 START:    LEA       MATRIX,A0
    3  00008006 103C0000               MOVE.B    #0,D0
    4  0000800A 0C400002     OUTSIDE:  CMP       #2,D0
    5  0000800E 6E00003C               BGT       EXIT
    6  00008012 1200                   MOVE.B    D0,D1
    7  00008014 5201                   ADD.B     #1,D1
    8  00008016 0C410003     INSIDE:   CMP       #3,D1
    9  0000801A 6E00002C               BGT       DONE
   10  0000801E 143C0004               MOVE.B    #4,D2
   11  00008022 163C0004               MOVE.B    #4,D3
   12  00008026 C4C0                   MULU      D0,D2
   13  00008028 C6C1                   MULU      D1,D3
   14  0000802A D481                   ADD.L     D1,D2
   15  0000802C D680                   ADD.L     D0,D3
   16  0000802E 13F028000000           MOVE.B    (A0,D2.L),TEMP
                9010        
   17  00008036 11B038002800           MOVE.B    (A0,D3.L),(A0,D2.L)
   18  0000803C 11B900009010           MOVE.B    TEMP,(A0,D3.L)
                3800        
   19  00008044 5200                   ADD.B     #1,D0
   20  00008046 60CE                   BRA       INSIDE
   21  00008048 5200         DONE:     ADD.B     #1,D0
   22  0000804A 60BE                   BRA       OUTSIDE
   23  0000804C 4E4E         EXIT:     TRAP      #14
   24                        
   25  00009000                        ORG       $9000
   26  00009000 01020304     MATRIX:   DC.B      1,2,3,4
   27  00009004 05060708               DC.B      5,6,7,8
   28  00009008 090A0B0C               DC.B      9,10,11,12
   29  0000900C 0D0E0F10               DC.B      13,14,15,16
   30  00009010 01           TEMP:     DC.B      1
   31                        
   32           00008000               END       START

Lines: 32, Errors: 0, Warnings: 0.
