
Source file: L8_3R.X68
Assembled on: 16-11-15 at: 20:20:35
          by: X68K PC-2.2 Copyright (c) University of Teesside 1989,96
Defaults: ORG $0/FORMAT/OPT A,BRL,CEX,CL,FRL,MC,MD,NOMEX,NOPCO

    1  00008000                        ORG       $8000
    2  00008000 4FF900009500 START:    LEA       $9500,SP
    3  00008006 203C11111111           MOVE.L    #$11111111,D0
    4  0000800C 223C22222222           MOVE.L    #$22222222,D1
    5  00008012 243C33333333           MOVE.L    #$33333333,D2
    6  00008018 487900009000           PEA       X
    7  0000801E 487900009002           PEA       Y
    8  00008024 487900009004           PEA       Z
    9  0000802A 487900009006           PEA       W
   10  00008030 4EB90000803C           JSR       SOLVE
   11  00008036 4FEF003C               LEA       60(SP),SP
   12  0000803A 4E4E                   TRAP      #14
   13  0000803C 48E7A000     SOLVE:    MOVEM.L   D0/D2,-(SP)
   14  00008040 48E700F0               MOVEM.L   A0-A3,-(SP)
   15  00008044 4280                   CLR.L     D0
   16  00008046 4281                   CLR.L     D1
   17  00008048 4282                   CLR.L     D2
   18                                
   19  0000804A 206F0020               MOVEA.L   32(SP),A0
   20  0000804E 226F0024               MOVEA.L   36(SP),A1
   21  00008052 246F0028               MOVEA.L   40(SP),A2
   22  00008056 3010                   MOVE.W    (A0),D0
   23  00008058 3211                   MOVE.W    (A1),D1
   24  0000805A 3412                   MOVE.W    (A2),D2
   25                                
   26  0000805C C3C2                   MULS      D2,D1
   27  0000805E C3FC0004               MULS      #4,D1
   28                                
   29  00008062 C1C0                   MULS      D0,D0
   30  00008064 C5C2                   MULS      D2,D2
   31                                
   32  00008066 C5FC0005               MULS      #5,D2
   33  0000806A D480                   ADD.L     D0,D2
   34  0000806C 9481                   SUB.L     D1,D2
   35  0000806E 2202                   MOVE.L    D2,D1
   36                                
   37  00008070 226F001C               MOVEA.L   28(SP),A1
   38  00008074 2281                   MOVE.L    D1,(A1)
   39                                
   40  00008076 205F                   MOVEA.L   (SP)+,A0
   41  00008078 225F                   MOVEA.L   (SP)+,A1
   42  0000807A 245F                   MOVEA.L   (SP)+,A2
   43  0000807C 265F                   MOVEA.L   (SP)+,A3
   44  0000807E 4CDF0005               MOVEM.L   (SP)+,D0/D2
   45                                
   46  00008082 4E75                   RTS       
   47                                
   48  00009000                        ORG       $9000
   49  00009000 0003         X:        DC.W      $3
   50  00009002 0004         Y:        DC.W      $4
   51  00009004 0005         Z:        DC.W      $5
   52  00009006 00000004     W:        DS.L      1
   53           00008000               END       START

Lines: 53, Errors: 0, Warnings: 0.
